0 info it worked if it ends with ok
1 verbose cli [ '/usr/bin/node',
1 verbose cli   '/usr/bin/npm',
1 verbose cli   'install',
1 verbose cli   'express',
1 verbose cli   'socket.io',
1 verbose cli   'multer' ]
2 info using npm@3.5.2
3 info using node@v8.10.0
4 silly loadCurrentTree Starting
5 silly install loadCurrentTree
6 silly install readLocalPackageData
7 silly fetchPackageMetaData express
8 silly fetchPackageMetaData socket.io
9 silly fetchPackageMetaData multer
10 silly fetchNamedPackageData express
11 silly mapToRegistry name express
12 silly mapToRegistry using default registry
13 silly mapToRegistry registry https://registry.npmjs.org/
14 silly mapToRegistry uri https://registry.npmjs.org/express
15 silly fetchNamedPackageData socket.io
16 silly mapToRegistry name socket.io
17 silly mapToRegistry using default registry
18 silly mapToRegistry registry https://registry.npmjs.org/
19 silly mapToRegistry uri https://registry.npmjs.org/socket.io
20 silly fetchNamedPackageData multer
21 silly mapToRegistry name multer
22 silly mapToRegistry using default registry
23 silly mapToRegistry registry https://registry.npmjs.org/
24 silly mapToRegistry uri https://registry.npmjs.org/multer
25 verbose request uri https://registry.npmjs.org/express
26 verbose request no auth needed
27 info attempt registry request try #1 at 5:05:14 PM
28 verbose request id de1485e3f9fca242
29 http request GET https://registry.npmjs.org/express
30 verbose request uri https://registry.npmjs.org/socket.io
31 verbose request no auth needed
32 info attempt registry request try #1 at 5:05:14 PM
33 http request GET https://registry.npmjs.org/socket.io
34 verbose request uri https://registry.npmjs.org/multer
35 verbose request no auth needed
36 info attempt registry request try #1 at 5:05:14 PM
37 http request GET https://registry.npmjs.org/multer
38 http 200 https://registry.npmjs.org/socket.io
39 verbose headers { date: 'Wed, 04 Sep 2024 09:05:14 GMT',
39 verbose headers   'content-type': 'application/json',
39 verbose headers   'transfer-encoding': 'chunked',
39 verbose headers   connection: 'keep-alive',
39 verbose headers   'cf-ray': '8bdcd1133bf36591-SIN',
39 verbose headers   'cf-cache-status': 'HIT',
39 verbose headers   'access-control-allow-origin': '*',
39 verbose headers   age: '57',
39 verbose headers   'cache-control': 'public, max-age=300',
39 verbose headers   etag: 'W/"f721ccf5a888817bbd11c043ca14aab7"',
39 verbose headers   'last-modified': 'Wed, 19 Jun 2024 08:49:32 GMT',
39 verbose headers   vary: 'accept-encoding, accept',
39 verbose headers   server: 'cloudflare',
39 verbose headers   'content-encoding': 'gzip' }
40 silly get cb [ 200,
40 silly get   { date: 'Wed, 04 Sep 2024 09:05:14 GMT',
40 silly get     'content-type': 'application/json',
40 silly get     'transfer-encoding': 'chunked',
40 silly get     connection: 'keep-alive',
40 silly get     'cf-ray': '8bdcd1133bf36591-SIN',
40 silly get     'cf-cache-status': 'HIT',
40 silly get     'access-control-allow-origin': '*',
40 silly get     age: '57',
40 silly get     'cache-control': 'public, max-age=300',
40 silly get     etag: 'W/"f721ccf5a888817bbd11c043ca14aab7"',
40 silly get     'last-modified': 'Wed, 19 Jun 2024 08:49:32 GMT',
40 silly get     vary: 'accept-encoding, accept',
40 silly get     server: 'cloudflare',
40 silly get     'content-encoding': 'gzip' } ]
41 verbose get saving socket.io to /root/.npm/registry.npmjs.org/socket.io/.cache.json
42 verbose makeDirectory /root/.npm creation not in flight; initializing
43 silly makeDirectory /root/.npm uid: 0 gid: 0
44 http 200 https://registry.npmjs.org/multer
45 verbose headers { date: 'Wed, 04 Sep 2024 09:05:14 GMT',
45 verbose headers   'content-type': 'application/json',
45 verbose headers   'transfer-encoding': 'chunked',
45 verbose headers   connection: 'keep-alive',
45 verbose headers   'cf-ray': '8bdcd1133813919f-SIN',
45 verbose headers   'cf-cache-status': 'HIT',
45 verbose headers   'access-control-allow-origin': '*',
45 verbose headers   age: '269',
45 verbose headers   'cache-control': 'public, max-age=300',
45 verbose headers   etag: 'W/"8ba92edb8b9d065564eebe08b06b8d2e"',
45 verbose headers   'last-modified': 'Mon, 06 May 2024 13:39:49 GMT',
45 verbose headers   vary: 'accept-encoding, accept',
45 verbose headers   server: 'cloudflare',
45 verbose headers   'content-encoding': 'gzip' }
46 silly get cb [ 200,
46 silly get   { date: 'Wed, 04 Sep 2024 09:05:14 GMT',
46 silly get     'content-type': 'application/json',
46 silly get     'transfer-encoding': 'chunked',
46 silly get     connection: 'keep-alive',
46 silly get     'cf-ray': '8bdcd1133813919f-SIN',
46 silly get     'cf-cache-status': 'HIT',
46 silly get     'access-control-allow-origin': '*',
46 silly get     age: '269',
46 silly get     'cache-control': 'public, max-age=300',
46 silly get     etag: 'W/"8ba92edb8b9d065564eebe08b06b8d2e"',
46 silly get     'last-modified': 'Mon, 06 May 2024 13:39:49 GMT',
46 silly get     vary: 'accept-encoding, accept',
46 silly get     server: 'cloudflare',
46 silly get     'content-encoding': 'gzip' } ]
47 verbose get saving multer to /root/.npm/registry.npmjs.org/multer/.cache.json
48 http 200 https://registry.npmjs.org/express
49 verbose headers { date: 'Wed, 04 Sep 2024 09:05:14 GMT',
49 verbose headers   'content-type': 'application/json',
49 verbose headers   'transfer-encoding': 'chunked',
49 verbose headers   connection: 'keep-alive',
49 verbose headers   'cf-ray': '8bdcd113384d5f7e-SIN',
49 verbose headers   'cf-cache-status': 'HIT',
49 verbose headers   'access-control-allow-origin': '*',
49 verbose headers   age: '255',
49 verbose headers   'cache-control': 'public, max-age=300',
49 verbose headers   etag: 'W/"905c04d37287fc65a44d34104fcfe90b"',
49 verbose headers   'last-modified': 'Wed, 21 Aug 2024 20:39:07 GMT',
49 verbose headers   vary: 'accept-encoding, accept',
49 verbose headers   server: 'cloudflare',
49 verbose headers   'content-encoding': 'gzip' }
50 silly get cb [ 200,
50 silly get   { date: 'Wed, 04 Sep 2024 09:05:14 GMT',
50 silly get     'content-type': 'application/json',
50 silly get     'transfer-encoding': 'chunked',
50 silly get     connection: 'keep-alive',
50 silly get     'cf-ray': '8bdcd113384d5f7e-SIN',
50 silly get     'cf-cache-status': 'HIT',
50 silly get     'access-control-allow-origin': '*',
50 silly get     age: '255',
50 silly get     'cache-control': 'public, max-age=300',
50 silly get     etag: 'W/"905c04d37287fc65a44d34104fcfe90b"',
50 silly get     'last-modified': 'Wed, 21 Aug 2024 20:39:07 GMT',
50 silly get     vary: 'accept-encoding, accept',
50 silly get     server: 'cloudflare',
50 silly get     'content-encoding': 'gzip' } ]
51 verbose get saving express to /root/.npm/registry.npmjs.org/express/.cache.json
52 silly install normalizeTree
53 silly loadCurrentTree Finishing
54 silly loadIdealTree Starting
55 silly install loadIdealTree
56 silly cloneCurrentTree Starting
57 silly install cloneCurrentTreeToIdealTree
58 silly cloneCurrentTree Finishing
59 silly loadShrinkwrap Starting
60 silly install loadShrinkwrap
61 silly loadShrinkwrap Finishing
62 silly loadAllDepsIntoIdealTree Starting
63 silly install loadAllDepsIntoIdealTree
64 verbose stack Error: Missing required argument #1
64 verbose stack     at andLogAndFinish (/usr/share/npm/lib/fetch-package-metadata.js:31:3)
64 verbose stack     at fetchPackageMetadata (/usr/share/npm/lib/fetch-package-metadata.js:51:22)
64 verbose stack     at resolveWithNewModule (/usr/share/npm/lib/install/deps.js:456:12)
64 verbose stack     at /usr/share/npm/lib/install/deps.js:190:5
64 verbose stack     at /usr/share/npm/node_modules/slide/lib/async-map.js:52:35
64 verbose stack     at Array.forEach (<anonymous>)
64 verbose stack     at /usr/share/npm/node_modules/slide/lib/async-map.js:52:11
64 verbose stack     at Array.forEach (<anonymous>)
64 verbose stack     at asyncMap (/usr/share/npm/node_modules/slide/lib/async-map.js:51:8)
64 verbose stack     at exports.loadRequestedDeps (/usr/share/npm/lib/install/deps.js:188:3)
65 verbose cwd /root/my-chat-app
66 error Linux 4.15.0-206-generic
67 error argv "/usr/bin/node" "/usr/bin/npm" "install" "express" "socket.io" "multer"
68 error node v8.10.0
69 error npm  v3.5.2
70 error code EMISSINGARG
71 error typeerror Error: Missing required argument #1
71 error typeerror     at andLogAndFinish (/usr/share/npm/lib/fetch-package-metadata.js:31:3)
71 error typeerror     at fetchPackageMetadata (/usr/share/npm/lib/fetch-package-metadata.js:51:22)
71 error typeerror     at resolveWithNewModule (/usr/share/npm/lib/install/deps.js:456:12)
71 error typeerror     at /usr/share/npm/lib/install/deps.js:190:5
71 error typeerror     at /usr/share/npm/node_modules/slide/lib/async-map.js:52:35
71 error typeerror     at Array.forEach (<anonymous>)
71 error typeerror     at /usr/share/npm/node_modules/slide/lib/async-map.js:52:11
71 error typeerror     at Array.forEach (<anonymous>)
71 error typeerror     at asyncMap (/usr/share/npm/node_modules/slide/lib/async-map.js:51:8)
71 error typeerror     at exports.loadRequestedDeps (/usr/share/npm/lib/install/deps.js:188:3)
72 error typeerror This is an error with npm itself. Please report this error at:
72 error typeerror     <http://github.com/npm/npm/issues>
73 verbose exit [ 1, true ]
